[15Jun2024 00:00:37.935] [Server thread/WARN] [net.minecraft.server.MinecraftServer/]: Can't keep up! Is the server overloaded? Running 29697ms or 593 ticks behind
[15Jun2024 00:01:04.057] [Server thread/WARN] [net.minecraft.server.MinecraftServer/]: Can't keep up! Is the server overloaded? Running 4068ms or 81 ticks behind
[15Jun2024 00:01:48.839] [Server thread/WARN] [net.minecraft.server.MinecraftServer/]: Can't keep up! Is the server overloaded? Running 2300ms or 46 ticks behind
[15Jun2024 00:02:37.728] [Server thread/WARN] [net.minecraft.server.MinecraftServer/]: Can't keep up! Is the server overloaded? Running 33888ms or 677 ticks behind
[15Jun2024 00:03:10.581] [Server thread/WARN] [net.minecraft.server.MinecraftServer/]: Can't keep up! Is the server overloaded? Running 17891ms or 357 ticks behind
[15Jun2024 00:03:32.244] [Server thread/WARN] [net.minecraft.server.MinecraftServer/]: Can't keep up! Is the server overloaded? Running 6704ms or 134 ticks behind
[15Jun2024 00:04:07.945] [Server thread/WARN] [net.minecraft.server.MinecraftServer/]: Can't keep up! Is the server overloaded? Running 2285ms or 45 ticks behind
[15Jun2024 00:04:34.102] [Render thread/INFO] [net.minecraft.client.gui.components.ChatComponent/]: [System] [CHAT] Malformed 'minecraft:enchantments' component: 'Value 999 outside of range [0:255] missed input: {"minecraft:sharpness":999}'
[15Jun2024 00:04:34.104] [Render thread/INFO] [net.minecraft.client.gui.components.ChatComponent/]: [System] [CHAT] ...hantments={"minecraft:sharpness":999}]<--[HERE]
[15Jun2024 00:05:34.789] [Server thread/INFO] [net.minecraft.server.MinecraftServer/]: [Dev: Gave 1 [Netherite Sword] to Dev]
[15Jun2024 00:05:34.804] [Render thread/INFO] [net.minecraft.client.gui.components.ChatComponent/]: [System] [CHAT] Gave 1 [Netherite Sword] to Dev
[15Jun2024 00:05:41.557] [Render thread/INFO] [net.minecraft.advancements.AdvancementTree/]: Loaded 122 advancements
[15Jun2024 00:05:58.646] [Server thread/WARN] [net.minecraft.server.MinecraftServer/]: Can't keep up! Is the server overloaded? Running 2111ms or 42 ticks behind
[15Jun2024 00:06:17.564] [Server thread/WARN] [net.minecraft.server.MinecraftServer/]: Can't keep up! Is the server overloaded? Running 3929ms or 78 ticks behind
[15Jun2024 00:06:41.867] [Server thread/INFO] [net.minecraft.server.MinecraftServer/]: [Dev: Gave 1 [Slimeball] to Dev]
[15Jun2024 00:06:41.871] [Render thread/INFO] [net.minecraft.client.gui.components.ChatComponent/]: [System] [CHAT] Gave 1 [Slimeball] to Dev
[15Jun2024 00:06:41.904] [Render thread/INFO] [net.minecraft.advancements.AdvancementTree/]: Loaded 125 advancements
[15Jun2024 00:07:41.356] [Server thread/INFO] [net.minecraft.server.MinecraftServer/]: Dev has made the advancement [Monster Hunter]
[15Jun2024 00:07:41.364] [Render thread/INFO] [net.minecraft.client.gui.components.ChatComponent/]: [System] [CHAT] Dev has made the advancement [Monster Hunter]
[15Jun2024 00:07:41.390] [Render thread/INFO] [net.minecraft.advancements.AdvancementTree/]: Loaded 128 advancements
[15Jun2024 00:07:42.154] [Render thread/INFO] [net.minecraft.advancements.AdvancementTree/]: Loaded 130 advancements
[15Jun2024 00:07:57.876] [Server thread/INFO] [net.minecraft.server.MinecraftServer/]: [Dev: Gave 1 [Slimeball] to Dev]
[15Jun2024 00:07:57.880] [Render thread/INFO] [net.minecraft.client.gui.components.ChatComponent/]: [System] [CHAT] Gave 1 [Slimeball] to Dev
[15Jun2024 00:08:18.700] [Render thread/INFO] [net.minecraft.advancements.AdvancementTree/]: Loaded 134 advancements
[15Jun2024 00:10:29.637] [Server thread/INFO] [net.minecraft.client.server.IntegratedServer/]: Saving and pausing game...
[15Jun2024 00:10:29.644] [Server thread/INFO] [net.minecraft.server.MinecraftServer/]: Saving chunks for level 'ServerLevel[TestWorld]'/minecraft:overworld
[15Jun2024 00:10:29.648] [Server thread/INFO] [net.minecraft.server.MinecraftServer/]: Saving chunks for level 'ServerLevel[TestWorld]'/minecraft:the_end
[15Jun2024 00:10:29.649] [Server thread/INFO] [net.minecraft.server.MinecraftServer/]: Saving chunks for level 'ServerLevel[TestWorld]'/minecraft:the_nether
[15Jun2024 00:10:30.840] [Server thread/INFO] [net.minecraft.server.network.ServerGamePacketListenerImpl/]: Dev lost connection: Disconnected
[15Jun2024 00:10:30.840] [Server thread/INFO] [net.minecraft.server.MinecraftServer/]: Dev left the game
[15Jun2024 00:10:30.845] [Server thread/INFO] [net.minecraft.server.network.ServerCommonPacketListenerImpl/]: Stopping singleplayer server as player logged out
[15Jun2024 00:10:30.896] [Server thread/INFO] [net.minecraft.server.MinecraftServer/]: Stopping server
[15Jun2024 00:10:30.896] [Server thread/INFO] [net.minecraft.server.MinecraftServer/]: Saving players
[15Jun2024 00:10:30.896] [Server thread/INFO] [net.minecraft.server.MinecraftServer/]: Saving worlds
[15Jun2024 00:10:31.489] [Server thread/INFO] [net.minecraft.server.MinecraftServer/]: Saving chunks for level 'ServerLevel[TestWorld]'/minecraft:overworld
[15Jun2024 00:10:31.583] [Server thread/INFO] [net.minecraft.server.MinecraftServer/]: Saving chunks for level 'ServerLevel[TestWorld]'/minecraft:the_end
[15Jun2024 00:10:31.587] [Server thread/INFO] [net.minecraft.server.MinecraftServer/]: Saving chunks for level 'ServerLevel[TestWorld]'/minecraft:the_nether
[15Jun2024 00:10:31.609] [Server thread/INFO] [net.minecraft.server.MinecraftServer/]: ThreadedAnvilChunkStorage (TestWorld): All chunks are saved
[15Jun2024 00:10:31.609] [Server thread/INFO] [net.minecraft.server.MinecraftServer/]: ThreadedAnvilChunkStorage (DIM1): All chunks are saved
[15Jun2024 00:10:31.609] [Server thread/INFO] [net.minecraft.server.MinecraftServer/]: ThreadedAnvilChunkStorage (DIM-1): All chunks are saved
[15Jun2024 00:10:31.610] [Server thread/INFO] [net.minecraft.server.MinecraftServer/]: ThreadedAnvilChunkStorage: All dimensions are saved
[15Jun2024 00:10:34.472] [Render thread/INFO] [net.minecraft.client.Minecraft/]: Stopping!
